2016-03-22 11:18:10 INFO   - *************************************************************
2016-03-22 11:18:10 INFO   - Starting with the migration process....
2016-03-22 11:18:10 INFO   - *************************************************************


2016-03-22 11:18:10 INFO   - Loding Migration Properties from Migration.properties file....
2016-03-22 11:18:10 INFO   - Loding Source Database properties....
2016-03-22 11:18:10 INFO   - Source Database type : mysql
							 Source Database name = mydb
							 Host Name =localhost
							 Port number = 3306
2016-03-22 11:18:10 INFO   - Loding Target Database properties....
2016-03-22 11:18:10 INFO   - Source Database of type : MongoDB 
							 Target Database name = migration
							 Host Name =localhost
							 Port number = 27017
2016-03-22 11:18:10 INFO   - Migration.properties Loaded successfully.... 


2016-03-22 11:18:10 INFO   - Loading the database specific driver....
2016-03-22 11:18:10 INFO   - Driver Classs : com.mysql.jdbc.Driver
2016-03-22 11:18:10 INFO   - dbDriver :com.mysql.jdbc.Driver
2016-03-22 11:18:10 INFO   - connectionURL jdbc:mysql://localhost:3306/mydb
2016-03-22 11:18:10 INFO   - Database specific driver loaded successfully....
2016-03-22 11:18:10 INFO   - Validating JSON file....
2016-03-22 11:18:10 INFO   - Validating embededJsonMYSQL.json file....
2016-03-22 11:18:10 INFO   - Reading embededJsonMYSQL.json file....
2016-03-22 11:18:10 INFO   - Validation successful. embededJsonMYSQL.json is valid JSON....
2016-03-22 11:18:10 INFO   - Validate the data types mentioned in Input Json with the actual data types in schema....
2016-03-22 11:18:10 ERROR  - java.sql.SQLException: Access denied for user 'root'@'localhost' (using password: YES)
2016-03-22 11:18:10 INFO   - Parsing embededJsonMYSQL.json file....
2016-03-22 11:18:10 INFO   - Reading embededJsonMYSQL.json file....
2016-03-22 11:18:10 INFO   - Parsing the mapping : mapping2 to generate SQL querries
2016-03-22 11:18:10 INFO   - Parsing the mapping : mapping1 to generate SQL querries
2016-03-22 11:18:10 INFO   - Framing SQL Query for mapping2
2016-03-22 11:18:10 INFO   - Query : SELECT custHasProducts.custId, custHasProducts.productName, custHasProducts.productId, productDetails.productPrice FROM custHasProducts, productDetails WHERE custHasProducts.productId = productDetails.productId  is ready....
2016-03-22 11:18:10 INFO   - Framing SQL Query for mapping1
2016-03-22 11:18:10 INFO   - Query : SELECT account.accountNumber, account.accountType, account.startDate, customer.customerId, customer.firstName, customer.lastName, address.addressline1, address.addressline2, address.zipCode FROM address, account, customer WHERE customer.customerId = account.custId AND customer.customerId = address.custId  is ready....
2016-03-22 11:18:10 INFO   - SQL Query is read....
2016-03-22 11:18:10 INFO   - Parsing Ended for embededJsonMYSQL.json file....
2016-03-22 11:18:10 INFO   - All validations successfull Migrating data to MongoDB.... 
2016-03-22 11:18:10 INFO   - seeding Server Address : [localhost:27017]
2016-03-22 11:18:10 INFO   - Reading from mapping2
2016-03-22 11:18:10 INFO   - Getting Status of target write operations....
2016-03-22 11:18:11 INFO   - 0 records processed into MongoDB..Status update in status collection....
2016-03-22 11:18:11 INFO   - *************************************************************
2016-03-22 11:18:11 INFO   - Migration Of Data completed successfully....
2016-03-22 11:18:11 INFO   - *************************************************************
